2021-04-28 09:46:45.640  INFO 14504 --- [main] cn.lczze.ams.AmsApplication              : Starting AmsApplication on DESKTOP-K3GGODH with PID 14504 (D:\Myjava\myidea\springkj\springcloud\ams\target\classes started by 86182 in D:\Myjava\myidea\springkj\springcloud\ams)
2021-04-28 09:46:45.646  INFO 14504 --- [main] cn.lczze.ams.AmsApplication              : The following profiles are active: dev
2021-04-28 09:46:49.387  INFO 14504 --- [main] o.s.b.w.embedded.tomcat.TomcatWebServer  : Tomcat initialized with port(s): 8085 (http)
2021-04-28 09:46:49.411  INFO 14504 --- [main] o.apache.catalina.core.StandardService   : Starting service [Tomcat]
2021-04-28 09:46:49.411  INFO 14504 --- [main] org.apache.catalina.core.StandardEngine  : Starting Servlet engine: [Apache Tomcat/9.0.41]
2021-04-28 09:46:49.748  INFO 14504 --- [main] o.a.c.c.C.[Tomcat].[localhost].[/]       : Initializing Spring embedded WebApplicationContext
2021-04-28 09:46:49.749  INFO 14504 --- [main] w.s.c.ServletWebServerApplicationContext : Root WebApplicationContext: initialization completed in 4031 ms
2021-04-28 09:46:51.684  INFO 14504 --- [main] o.s.s.concurrent.ThreadPoolTaskExecutor  : Initializing ExecutorService 'applicationTaskExecutor'
2021-04-28 09:46:51.820  INFO 14504 --- [main] o.s.b.a.w.s.WelcomePageHandlerMapping    : Adding welcome page template: index
2021-04-28 09:46:52.326  INFO 14504 --- [main] o.s.s.web.DefaultSecurityFilterChain     : Creating filter chain: any request, [org.springframework.security.web.context.request.async.WebAsyncManagerIntegrationFilter@58606c91, org.springframework.security.web.context.SecurityContextPersistenceFilter@767599a7, org.springframework.security.web.header.HeaderWriterFilter@4f8d86e4, org.springframework.security.web.authentication.logout.LogoutFilter@31db34da, org.springframework.security.web.authentication.UsernamePasswordAuthenticationFilter@16a5eb6d, org.springframework.security.web.savedrequest.RequestCacheAwareFilter@25d0cb3a, org.springframework.security.web.servletapi.SecurityContextHolderAwareRequestFilter@2f4b98f6, org.springframework.security.web.authentication.rememberme.RememberMeAuthenticationFilter@1e95b653, org.springframework.security.web.authentication.AnonymousAuthenticationFilter@6a9cd0f8, org.springframework.security.web.session.SessionManagementFilter@1697f2b3, org.springframework.security.web.access.ExceptionTranslationFilter@31142d58, org.springframework.security.web.access.intercept.FilterSecurityInterceptor@7d21852b]
2021-04-28 09:46:52.398  INFO 14504 --- [main] o.s.b.w.embedded.tomcat.TomcatWebServer  : Tomcat started on port(s): 8085 (http) with context path ''
2021-04-28 09:46:52.422  INFO 14504 --- [main] cn.lczze.ams.AmsApplication              : Started AmsApplication in 7.743 seconds (JVM running for 10.256)
2021-04-28 09:46:58.066  INFO 14504 --- [http-nio-8085-exec-1] o.a.c.c.C.[Tomcat].[localhost].[/]       : Initializing Spring DispatcherServlet 'dispatcherServlet'
2021-04-28 09:46:58.066  INFO 14504 --- [http-nio-8085-exec-1] o.s.web.servlet.DispatcherServlet        : Initializing Servlet 'dispatcherServlet'
2021-04-28 09:46:58.076  INFO 14504 --- [http-nio-8085-exec-1] o.s.web.servlet.DispatcherServlet        : Completed initialization in 10 ms
2021-04-28 09:46:58.157  INFO 14504 --- [http-nio-8085-exec-1] com.zaxxer.hikari.HikariDataSource       : HikariPool-1 - Starting...
2021-04-28 09:47:00.624  INFO 14504 --- [http-nio-8085-exec-1] com.zaxxer.hikari.HikariDataSource       : HikariPool-1 - Start completed.
2021-04-28 09:47:08.595  INFO 14504 --- [http-nio-8085-exec-8] c.l.a.s.Impl.UserDetailsServiceImpl      : 执行了===============loadUserByUsername================
2021-04-28 09:49:17.048  INFO 20172 --- [main] cn.lczze.ams.AmsApplication              : Starting AmsApplication on DESKTOP-K3GGODH with PID 20172 (D:\Myjava\myidea\springkj\springcloud\ams\target\classes started by 86182 in D:\Myjava\myidea\springkj\springcloud\ams)
2021-04-28 09:49:17.051  INFO 20172 --- [main] cn.lczze.ams.AmsApplication              : The following profiles are active: dev
2021-04-28 09:49:18.126  INFO 20172 --- [main] o.s.b.w.embedded.tomcat.TomcatWebServer  : Tomcat initialized with port(s): 8085 (http)
2021-04-28 09:49:18.137  INFO 20172 --- [main] o.apache.catalina.core.StandardService   : Starting service [Tomcat]
2021-04-28 09:49:18.138  INFO 20172 --- [main] org.apache.catalina.core.StandardEngine  : Starting Servlet engine: [Apache Tomcat/9.0.41]
2021-04-28 09:49:18.202  INFO 20172 --- [main] o.a.c.c.C.[Tomcat].[localhost].[/]       : Initializing Spring embedded WebApplicationContext
2021-04-28 09:49:18.202  INFO 20172 --- [main] w.s.c.ServletWebServerApplicationContext : Root WebApplicationContext: initialization completed in 1099 ms
2021-04-28 09:49:18.874  INFO 20172 --- [main] o.s.s.concurrent.ThreadPoolTaskExecutor  : Initializing ExecutorService 'applicationTaskExecutor'
2021-04-28 09:49:18.952  INFO 20172 --- [main] o.s.b.a.w.s.WelcomePageHandlerMapping    : Adding welcome page template: index
2021-04-28 09:49:19.204  INFO 20172 --- [main] o.s.s.web.DefaultSecurityFilterChain     : Creating filter chain: any request, [org.springframework.security.web.context.request.async.WebAsyncManagerIntegrationFilter@6a916402, org.springframework.security.web.context.SecurityContextPersistenceFilter@70c69586, org.springframework.security.web.header.HeaderWriterFilter@29ebbdf4, org.springframework.security.web.authentication.logout.LogoutFilter@31142d58, org.springframework.security.web.authentication.UsernamePasswordAuthenticationFilter@4f8d86e4, org.springframework.security.web.savedrequest.RequestCacheAwareFilter@7e9f2c32, org.springframework.security.web.servletapi.SecurityContextHolderAwareRequestFilter@b0a1231, org.springframework.security.web.authentication.rememberme.RememberMeAuthenticationFilter@7cfb4736, org.springframework.security.web.authentication.AnonymousAuthenticationFilter@1a47a1e8, org.springframework.security.web.session.SessionManagementFilter@5731d3a, org.springframework.security.web.access.ExceptionTranslationFilter@62b93086, org.springframework.security.web.access.intercept.FilterSecurityInterceptor@21eee94f]
2021-04-28 09:49:19.260  INFO 20172 --- [main] o.s.b.w.embedded.tomcat.TomcatWebServer  : Tomcat started on port(s): 8085 (http) with context path ''
2021-04-28 09:49:19.267  INFO 20172 --- [main] cn.lczze.ams.AmsApplication              : Started AmsApplication in 2.55 seconds (JVM running for 3.75)
2021-04-28 09:49:40.609  INFO 25276 --- [main] cn.lczze.ams.AmsApplication              : Starting AmsApplication on DESKTOP-K3GGODH with PID 25276 (D:\Myjava\myidea\springkj\springcloud\ams\target\classes started by 86182 in D:\Myjava\myidea\springkj\springcloud\ams)
2021-04-28 09:49:40.612  INFO 25276 --- [main] cn.lczze.ams.AmsApplication              : The following profiles are active: dev
2021-04-28 09:49:41.709  INFO 25276 --- [main] o.s.b.w.embedded.tomcat.TomcatWebServer  : Tomcat initialized with port(s): 8085 (http)
2021-04-28 09:49:41.718  INFO 25276 --- [main] o.apache.catalina.core.StandardService   : Starting service [Tomcat]
2021-04-28 09:49:41.718  INFO 25276 --- [main] org.apache.catalina.core.StandardEngine  : Starting Servlet engine: [Apache Tomcat/9.0.41]
2021-04-28 09:49:41.849  INFO 25276 --- [main] o.a.c.c.C.[Tomcat].[localhost].[/]       : Initializing Spring embedded WebApplicationContext
2021-04-28 09:49:41.850  INFO 25276 --- [main] w.s.c.ServletWebServerApplicationContext : Root WebApplicationContext: initialization completed in 1198 ms
2021-04-28 09:49:42.560  INFO 25276 --- [main] o.s.s.concurrent.ThreadPoolTaskExecutor  : Initializing ExecutorService 'applicationTaskExecutor'
2021-04-28 09:49:42.633  INFO 25276 --- [main] o.s.b.a.w.s.WelcomePageHandlerMapping    : Adding welcome page template: index
2021-04-28 09:49:42.895  INFO 25276 --- [main] o.s.s.web.DefaultSecurityFilterChain     : Creating filter chain: any request, [org.springframework.security.web.context.request.async.WebAsyncManagerIntegrationFilter@18539cb1, org.springframework.security.web.context.SecurityContextPersistenceFilter@3976ebfa, org.springframework.security.web.header.HeaderWriterFilter@6dc1dc69, org.springframework.security.web.authentication.logout.LogoutFilter@12ad1b2a, org.springframework.security.web.authentication.UsernamePasswordAuthenticationFilter@5f5effb0, org.springframework.security.web.savedrequest.RequestCacheAwareFilter@b0a1231, org.springframework.security.web.servletapi.SecurityContextHolderAwareRequestFilter@3b1dc579, org.springframework.security.web.authentication.rememberme.RememberMeAuthenticationFilter@6a916402, org.springframework.security.web.authentication.AnonymousAuthenticationFilter@748f93bb, org.springframework.security.web.session.SessionManagementFilter@19e0dffe, org.springframework.security.web.access.ExceptionTranslationFilter@6a0f2853, org.springframework.security.web.access.intercept.FilterSecurityInterceptor@7650ded6]
2021-04-28 09:49:42.946  INFO 25276 --- [main] o.s.b.w.embedded.tomcat.TomcatWebServer  : Tomcat started on port(s): 8085 (http) with context path ''
2021-04-28 09:49:42.955  INFO 25276 --- [main] cn.lczze.ams.AmsApplication              : Started AmsApplication in 2.689 seconds (JVM running for 3.739)
2021-04-28 09:52:03.559  INFO 25276 --- [http-nio-8085-exec-1] o.a.c.c.C.[Tomcat].[localhost].[/]       : Initializing Spring DispatcherServlet 'dispatcherServlet'
2021-04-28 09:52:03.559  INFO 25276 --- [http-nio-8085-exec-1] o.s.web.servlet.DispatcherServlet        : Initializing Servlet 'dispatcherServlet'
2021-04-28 09:52:03.566  INFO 25276 --- [http-nio-8085-exec-1] o.s.web.servlet.DispatcherServlet        : Completed initialization in 7 ms
2021-04-28 09:52:03.648  INFO 25276 --- [http-nio-8085-exec-2] com.zaxxer.hikari.HikariDataSource       : HikariPool-1 - Starting...
2021-04-28 09:52:05.526  INFO 25276 --- [http-nio-8085-exec-2] com.zaxxer.hikari.HikariDataSource       : HikariPool-1 - Start completed.
2021-04-28 09:52:11.141  INFO 25276 --- [http-nio-8085-exec-9] c.l.a.s.Impl.UserDetailsServiceImpl      : 执行了===============loadUserByUsername================
2021-04-28 10:04:20.782  INFO 18624 --- [main] cn.lczze.ams.AmsApplication              : Starting AmsApplication on DESKTOP-K3GGODH with PID 18624 (D:\Myjava\myidea\springkj\springcloud\ams\target\classes started by 86182 in D:\Myjava\myidea\springkj\springcloud\ams)
2021-04-28 10:04:20.784  INFO 18624 --- [main] cn.lczze.ams.AmsApplication              : The following profiles are active: dev
2021-04-28 10:04:23.136  INFO 18624 --- [main] o.s.b.w.embedded.tomcat.TomcatWebServer  : Tomcat initialized with port(s): 8085 (http)
2021-04-28 10:04:23.145  INFO 18624 --- [main] o.apache.catalina.core.StandardService   : Starting service [Tomcat]
2021-04-28 10:04:23.145  INFO 18624 --- [main] org.apache.catalina.core.StandardEngine  : Starting Servlet engine: [Apache Tomcat/9.0.41]
2021-04-28 10:04:23.411  INFO 18624 --- [main] o.a.c.c.C.[Tomcat].[localhost].[/]       : Initializing Spring embedded WebApplicationContext
2021-04-28 10:04:23.411  INFO 18624 --- [main] w.s.c.ServletWebServerApplicationContext : Root WebApplicationContext: initialization completed in 2579 ms
2021-04-28 10:04:24.744  INFO 18624 --- [main] o.s.s.concurrent.ThreadPoolTaskExecutor  : Initializing ExecutorService 'applicationTaskExecutor'
2021-04-28 10:04:24.848  INFO 18624 --- [main] o.s.b.a.w.s.WelcomePageHandlerMapping    : Adding welcome page template: index
2021-04-28 10:04:25.335  INFO 18624 --- [main] o.s.s.web.DefaultSecurityFilterChain     : Creating filter chain: any request, [org.springframework.security.web.context.request.async.WebAsyncManagerIntegrationFilter@2c413ffc, org.springframework.security.web.context.SecurityContextPersistenceFilter@777d191f, org.springframework.security.web.header.HeaderWriterFilter@77f905e3, org.springframework.security.web.authentication.logout.LogoutFilter@235d659c, org.springframework.security.web.authentication.UsernamePasswordAuthenticationFilter@f5ce0bb, org.springframework.security.web.savedrequest.RequestCacheAwareFilter@31142d58, org.springframework.security.web.servletapi.SecurityContextHolderAwareRequestFilter@12ad1b2a, org.springframework.security.web.authentication.rememberme.RememberMeAuthenticationFilter@40d60f2, org.springframework.security.web.authentication.AnonymousAuthenticationFilter@7d21852b, org.springframework.security.web.session.SessionManagementFilter@338766de, org.springframework.security.web.access.ExceptionTranslationFilter@3b1dc579, org.springframework.security.web.access.intercept.FilterSecurityInterceptor@1084f78c]
2021-04-28 10:04:25.390  INFO 18624 --- [main] o.s.b.w.embedded.tomcat.TomcatWebServer  : Tomcat started on port(s): 8085 (http) with context path ''
2021-04-28 10:04:25.398  INFO 18624 --- [main] cn.lczze.ams.AmsApplication              : Started AmsApplication in 5.297 seconds (JVM running for 7.251)
2021-04-28 10:04:30.013  INFO 18624 --- [http-nio-8085-exec-1] o.a.c.c.C.[Tomcat].[localhost].[/]       : Initializing Spring DispatcherServlet 'dispatcherServlet'
2021-04-28 10:04:30.014  INFO 18624 --- [http-nio-8085-exec-1] o.s.web.servlet.DispatcherServlet        : Initializing Servlet 'dispatcherServlet'
2021-04-28 10:04:30.023  INFO 18624 --- [http-nio-8085-exec-1] o.s.web.servlet.DispatcherServlet        : Completed initialization in 9 ms
2021-04-28 10:04:30.093  INFO 18624 --- [http-nio-8085-exec-3] com.zaxxer.hikari.HikariDataSource       : HikariPool-1 - Starting...
2021-04-28 10:04:32.281  INFO 18624 --- [http-nio-8085-exec-3] com.zaxxer.hikari.HikariDataSource       : HikariPool-1 - Start completed.
2021-04-28 10:04:48.947  INFO 18624 --- [http-nio-8085-exec-8] c.l.a.s.Impl.UserDetailsServiceImpl      : 执行了===============loadUserByUsername================
2021-04-28 10:08:37.111  INFO 20948 --- [main] cn.lczze.ams.AmsApplication              : Starting AmsApplication on DESKTOP-K3GGODH with PID 20948 (D:\Myjava\myidea\springkj\springcloud\ams\target\classes started by 86182 in D:\Myjava\myidea\springkj\springcloud\ams)
2021-04-28 10:08:37.114  INFO 20948 --- [main] cn.lczze.ams.AmsApplication              : The following profiles are active: dev
2021-04-28 10:08:38.873  INFO 20948 --- [main] o.s.b.w.embedded.tomcat.TomcatWebServer  : Tomcat initialized with port(s): 8085 (http)
2021-04-28 10:08:38.883  INFO 20948 --- [main] o.apache.catalina.core.StandardService   : Starting service [Tomcat]
2021-04-28 10:08:38.883  INFO 20948 --- [main] org.apache.catalina.core.StandardEngine  : Starting Servlet engine: [Apache Tomcat/9.0.41]
2021-04-28 10:08:39.118  INFO 20948 --- [main] o.a.c.c.C.[Tomcat].[localhost].[/]       : Initializing Spring embedded WebApplicationContext
2021-04-28 10:08:39.118  INFO 20948 --- [main] w.s.c.ServletWebServerApplicationContext : Root WebApplicationContext: initialization completed in 1961 ms
2021-04-28 10:08:40.149  INFO 20948 --- [main] o.s.s.concurrent.ThreadPoolTaskExecutor  : Initializing ExecutorService 'applicationTaskExecutor'
2021-04-28 10:08:40.224  INFO 20948 --- [main] o.s.b.a.w.s.WelcomePageHandlerMapping    : Adding welcome page template: index
2021-04-28 10:08:40.528  INFO 20948 --- [main] o.s.s.web.DefaultSecurityFilterChain     : Creating filter chain: any request, [org.springframework.security.web.context.request.async.WebAsyncManagerIntegrationFilter@6a916402, org.springframework.security.web.context.SecurityContextPersistenceFilter@70c69586, org.springframework.security.web.header.HeaderWriterFilter@29ebbdf4, org.springframework.security.web.authentication.logout.LogoutFilter@31142d58, org.springframework.security.web.authentication.UsernamePasswordAuthenticationFilter@4f8d86e4, org.springframework.security.web.savedrequest.RequestCacheAwareFilter@7e9f2c32, org.springframework.security.web.servletapi.SecurityContextHolderAwareRequestFilter@b0a1231, org.springframework.security.web.authentication.rememberme.RememberMeAuthenticationFilter@7cfb4736, org.springframework.security.web.authentication.AnonymousAuthenticationFilter@1a47a1e8, org.springframework.security.web.session.SessionManagementFilter@5731d3a, org.springframework.security.web.access.ExceptionTranslationFilter@62b93086, org.springframework.security.web.access.intercept.FilterSecurityInterceptor@21eee94f]
2021-04-28 10:08:40.600  INFO 20948 --- [main] o.s.b.w.embedded.tomcat.TomcatWebServer  : Tomcat started on port(s): 8085 (http) with context path ''
2021-04-28 10:08:40.608  INFO 20948 --- [main] cn.lczze.ams.AmsApplication              : Started AmsApplication in 4.169 seconds (JVM running for 5.703)
2021-04-28 10:08:42.825  INFO 20948 --- [http-nio-8085-exec-1] o.a.c.c.C.[Tomcat].[localhost].[/]       : Initializing Spring DispatcherServlet 'dispatcherServlet'
2021-04-28 10:08:42.825  INFO 20948 --- [http-nio-8085-exec-1] o.s.web.servlet.DispatcherServlet        : Initializing Servlet 'dispatcherServlet'
2021-04-28 10:08:42.833  INFO 20948 --- [http-nio-8085-exec-1] o.s.web.servlet.DispatcherServlet        : Completed initialization in 8 ms
2021-04-28 10:08:42.912  INFO 20948 --- [http-nio-8085-exec-2] com.zaxxer.hikari.HikariDataSource       : HikariPool-1 - Starting...
2021-04-28 10:08:44.952  INFO 20948 --- [http-nio-8085-exec-2] com.zaxxer.hikari.HikariDataSource       : HikariPool-1 - Start completed.
2021-04-28 10:08:49.735  INFO 20948 --- [http-nio-8085-exec-4] c.l.a.s.Impl.UserDetailsServiceImpl      : 执行了===============loadUserByUsername================
2021-04-28 10:09:59.974  INFO 26280 --- [main] cn.lczze.ams.AmsApplication              : Starting AmsApplication on DESKTOP-K3GGODH with PID 26280 (D:\Myjava\myidea\springkj\springcloud\ams\target\classes started by 86182 in D:\Myjava\myidea\springkj\springcloud\ams)
2021-04-28 10:09:59.978  INFO 26280 --- [main] cn.lczze.ams.AmsApplication              : The following profiles are active: dev
2021-04-28 10:10:01.057  INFO 26280 --- [main] o.s.b.w.embedded.tomcat.TomcatWebServer  : Tomcat initialized with port(s): 8085 (http)
2021-04-28 10:10:01.064  INFO 26280 --- [main] o.apache.catalina.core.StandardService   : Starting service [Tomcat]
2021-04-28 10:10:01.064  INFO 26280 --- [main] org.apache.catalina.core.StandardEngine  : Starting Servlet engine: [Apache Tomcat/9.0.41]
2021-04-28 10:10:01.124  INFO 26280 --- [main] o.a.c.c.C.[Tomcat].[localhost].[/]       : Initializing Spring embedded WebApplicationContext
2021-04-28 10:10:01.124  INFO 26280 --- [main] w.s.c.ServletWebServerApplicationContext : Root WebApplicationContext: initialization completed in 1081 ms
2021-04-28 10:10:01.764  INFO 26280 --- [main] o.s.s.concurrent.ThreadPoolTaskExecutor  : Initializing ExecutorService 'applicationTaskExecutor'
2021-04-28 10:10:01.834  INFO 26280 --- [main] o.s.b.a.w.s.WelcomePageHandlerMapping    : Adding welcome page template: index
2021-04-28 10:10:02.094  INFO 26280 --- [main] o.s.s.web.DefaultSecurityFilterChain     : Creating filter chain: any request, [org.springframework.security.web.context.request.async.WebAsyncManagerIntegrationFilter@d08edc5, org.springframework.security.web.context.SecurityContextPersistenceFilter@41b13f3d, org.springframework.security.web.header.HeaderWriterFilter@1e60b459, org.springframework.security.web.authentication.logout.LogoutFilter@dd2856e, org.springframework.security.web.authentication.UsernamePasswordAuthenticationFilter@793d163b, org.springframework.security.web.savedrequest.RequestCacheAwareFilter@2489e84a, org.springframework.security.web.servletapi.SecurityContextHolderAwareRequestFilter@2fd954f, org.springframework.security.web.authentication.rememberme.RememberMeAuthenticationFilter@7e307087, org.springframework.security.web.authentication.AnonymousAuthenticationFilter@49fa1d74, org.springframework.security.web.session.SessionManagementFilter@3e906375, org.springframework.security.web.access.ExceptionTranslationFilter@56f730b2, org.springframework.security.web.access.intercept.FilterSecurityInterceptor@109f8c7e]
2021-04-28 10:10:02.147  INFO 26280 --- [main] o.s.b.w.embedded.tomcat.TomcatWebServer  : Tomcat started on port(s): 8085 (http) with context path ''
2021-04-28 10:10:02.155  INFO 26280 --- [main] cn.lczze.ams.AmsApplication              : Started AmsApplication in 2.498 seconds (JVM running for 3.42)
2021-04-28 10:10:07.326  INFO 26280 --- [http-nio-8085-exec-1] o.a.c.c.C.[Tomcat].[localhost].[/]       : Initializing Spring DispatcherServlet 'dispatcherServlet'
2021-04-28 10:10:07.364  INFO 26280 --- [http-nio-8085-exec-1] o.s.web.servlet.DispatcherServlet        : Initializing Servlet 'dispatcherServlet'
2021-04-28 10:10:07.371  INFO 26280 --- [http-nio-8085-exec-1] o.s.web.servlet.DispatcherServlet        : Completed initialization in 6 ms
2021-04-28 10:10:07.421  INFO 26280 --- [http-nio-8085-exec-2] com.zaxxer.hikari.HikariDataSource       : HikariPool-1 - Starting...
2021-04-28 10:10:09.244  INFO 26280 --- [http-nio-8085-exec-2] com.zaxxer.hikari.HikariDataSource       : HikariPool-1 - Start completed.
2021-04-28 10:10:13.997  INFO 26280 --- [http-nio-8085-exec-4] c.l.a.s.Impl.UserDetailsServiceImpl      : 执行了===============loadUserByUsername================
2021-04-28 10:12:43.954  INFO 22988 --- [main] cn.lczze.ams.AmsApplicationTests         : Starting AmsApplicationTests on DESKTOP-K3GGODH with PID 22988 (started by 86182 in D:\Myjava\myidea\springkj\springcloud\ams)
2021-04-28 10:12:43.956  INFO 22988 --- [main] cn.lczze.ams.AmsApplicationTests         : The following profiles are active: dev
2021-04-28 10:12:46.833  INFO 22988 --- [main] o.s.s.concurrent.ThreadPoolTaskExecutor  : Initializing ExecutorService 'applicationTaskExecutor'
2021-04-28 10:12:46.956  INFO 22988 --- [main] o.s.b.a.w.s.WelcomePageHandlerMapping    : Adding welcome page template: index
2021-04-28 10:12:48.148  INFO 22988 --- [main] o.s.s.web.DefaultSecurityFilterChain     : Creating filter chain: any request, [org.springframework.security.web.context.request.async.WebAsyncManagerIntegrationFilter@4d7a64ca, org.springframework.security.web.context.SecurityContextPersistenceFilter@79476a4e, org.springframework.security.web.header.HeaderWriterFilter@5a515e5d, org.springframework.security.web.authentication.logout.LogoutFilter@707e4fe4, org.springframework.security.web.authentication.UsernamePasswordAuthenticationFilter@14422d9d, org.springframework.security.web.savedrequest.RequestCacheAwareFilter@f557c37, org.springframework.security.web.servletapi.SecurityContextHolderAwareRequestFilter@5a058be5, org.springframework.security.web.authentication.rememberme.RememberMeAuthenticationFilter@3a479fda, org.springframework.security.web.authentication.AnonymousAuthenticationFilter@76ff68c5, org.springframework.security.web.session.SessionManagementFilter@32f32623, org.springframework.security.web.access.ExceptionTranslationFilter@60f21960, org.springframework.security.web.access.intercept.FilterSecurityInterceptor@3d620a1]
2021-04-28 10:12:48.266  INFO 22988 --- [main] cn.lczze.ams.AmsApplicationTests         : Started AmsApplicationTests in 4.786 seconds (JVM running for 6.395)
2021-04-28 10:12:48.828  INFO 22988 --- [SpringContextShutdownHook] o.s.s.concurrent.ThreadPoolTaskExecutor  : Shutting down ExecutorService 'applicationTaskExecutor'
2021-04-28 10:13:10.843  INFO 13096 --- [main] cn.lczze.ams.AmsApplicationTests         : Starting AmsApplicationTests on DESKTOP-K3GGODH with PID 13096 (started by 86182 in D:\Myjava\myidea\springkj\springcloud\ams)
2021-04-28 10:13:10.845  INFO 13096 --- [main] cn.lczze.ams.AmsApplicationTests         : The following profiles are active: dev
2021-04-28 10:13:13.555  INFO 13096 --- [main] o.s.s.concurrent.ThreadPoolTaskExecutor  : Initializing ExecutorService 'applicationTaskExecutor'
2021-04-28 10:13:13.701  INFO 13096 --- [main] o.s.b.a.w.s.WelcomePageHandlerMapping    : Adding welcome page template: index
2021-04-28 10:13:15.256  INFO 13096 --- [main] o.s.s.web.DefaultSecurityFilterChain     : Creating filter chain: any request, [org.springframework.security.web.context.request.async.WebAsyncManagerIntegrationFilter@6418e39e, org.springframework.security.web.context.SecurityContextPersistenceFilter@f557c37, org.springframework.security.web.header.HeaderWriterFilter@32f32623, org.springframework.security.web.authentication.logout.LogoutFilter@377874b4, org.springframework.security.web.authentication.UsernamePasswordAuthenticationFilter@2a02e34b, org.springframework.security.web.savedrequest.RequestCacheAwareFilter@5856dbe4, org.springframework.security.web.servletapi.SecurityContextHolderAwareRequestFilter@20c812c8, org.springframework.security.web.authentication.rememberme.RememberMeAuthenticationFilter@472d0f4, org.springframework.security.web.authentication.AnonymousAuthenticationFilter@3635099, org.springframework.security.web.session.SessionManagementFilter@6b9fdbc6, org.springframework.security.web.access.ExceptionTranslationFilter@66bf40e5, org.springframework.security.web.access.intercept.FilterSecurityInterceptor@51e3d37e]
2021-04-28 10:13:15.452  INFO 13096 --- [main] cn.lczze.ams.AmsApplicationTests         : Started AmsApplicationTests in 4.986 seconds (JVM running for 5.947)
2021-04-28 10:13:15.937  INFO 13096 --- [SpringContextShutdownHook] o.s.s.concurrent.ThreadPoolTaskExecutor  : Shutting down ExecutorService 'applicationTaskExecutor'
2021-04-28 10:14:17.339  INFO 25332 --- [main] cn.lczze.ams.AmsApplicationTests         : Starting AmsApplicationTests on DESKTOP-K3GGODH with PID 25332 (started by 86182 in D:\Myjava\myidea\springkj\springcloud\ams)
2021-04-28 10:14:17.341  INFO 25332 --- [main] cn.lczze.ams.AmsApplicationTests         : The following profiles are active: dev
2021-04-28 10:14:19.899  INFO 25332 --- [main] o.s.s.concurrent.ThreadPoolTaskExecutor  : Initializing ExecutorService 'applicationTaskExecutor'
2021-04-28 10:14:20.030  INFO 25332 --- [main] o.s.b.a.w.s.WelcomePageHandlerMapping    : Adding welcome page template: index
2021-04-28 10:14:21.070  INFO 25332 --- [main] o.s.s.web.DefaultSecurityFilterChain     : Creating filter chain: any request, [org.springframework.security.web.context.request.async.WebAsyncManagerIntegrationFilter@3d620a1, org.springframework.security.web.context.SecurityContextPersistenceFilter@5974b7e8, org.springframework.security.web.header.HeaderWriterFilter@5d512ddb, org.springframework.security.web.authentication.logout.LogoutFilter@51efb731, org.springframework.security.web.authentication.UsernamePasswordAuthenticationFilter@61db86bf, org.springframework.security.web.savedrequest.RequestCacheAwareFilter@66bf40e5, org.springframework.security.web.servletapi.SecurityContextHolderAwareRequestFilter@25c2a9e3, org.springframework.security.web.authentication.rememberme.RememberMeAuthenticationFilter@5eb5da12, org.springframework.security.web.authentication.AnonymousAuthenticationFilter@4f486211, org.springframework.security.web.session.SessionManagementFilter@4de79b7d, org.springframework.security.web.access.ExceptionTranslationFilter@32f1fafe, org.springframework.security.web.access.intercept.FilterSecurityInterceptor@72906e]
2021-04-28 10:14:21.168  INFO 25332 --- [main] cn.lczze.ams.AmsApplicationTests         : Started AmsApplicationTests in 4.228 seconds (JVM running for 5.182)
2021-04-28 10:14:21.483  INFO 25332 --- [SpringContextShutdownHook] o.s.s.concurrent.ThreadPoolTaskExecutor  : Shutting down ExecutorService 'applicationTaskExecutor'
2021-04-28 10:20:52.676  INFO 26104 --- [main] cn.lczze.ams.AmsApplicationTests         : Starting AmsApplicationTests on DESKTOP-K3GGODH with PID 26104 (started by 86182 in D:\Myjava\myidea\springkj\springcloud\ams)
2021-04-28 10:20:52.677  INFO 26104 --- [main] cn.lczze.ams.AmsApplicationTests         : The following profiles are active: dev
2021-04-28 10:20:55.392  INFO 26104 --- [main] o.s.s.concurrent.ThreadPoolTaskExecutor  : Initializing ExecutorService 'applicationTaskExecutor'
2021-04-28 10:20:55.511  INFO 26104 --- [main] o.s.b.a.w.s.WelcomePageHandlerMapping    : Adding welcome page template: index
2021-04-28 10:20:56.530  INFO 26104 --- [main] o.s.s.web.DefaultSecurityFilterChain     : Creating filter chain: any request, [org.springframework.security.web.context.request.async.WebAsyncManagerIntegrationFilter@307e4c44, org.springframework.security.web.context.SecurityContextPersistenceFilter@16c1519e, org.springframework.security.web.header.HeaderWriterFilter@4dadd690, org.springframework.security.web.authentication.logout.LogoutFilter@1235151c, org.springframework.security.web.authentication.UsernamePasswordAuthenticationFilter@574059d5, org.springframework.security.web.savedrequest.RequestCacheAwareFilter@5eabff6b, org.springframework.security.web.servletapi.SecurityContextHolderAwareRequestFilter@7b25ab31, org.springframework.security.web.authentication.rememberme.RememberMeAuthenticationFilter@4b862408, org.springframework.security.web.authentication.AnonymousAuthenticationFilter@2a8a3ada, org.springframework.security.web.session.SessionManagementFilter@3281dfc2, org.springframework.security.web.access.ExceptionTranslationFilter@4da1f38a, org.springframework.security.web.access.intercept.FilterSecurityInterceptor@7d42542]
2021-04-28 10:20:56.640  INFO 26104 --- [main] cn.lczze.ams.AmsApplicationTests         : Started AmsApplicationTests in 4.334 seconds (JVM running for 5.291)
2021-04-28 10:20:56.955  INFO 26104 --- [SpringContextShutdownHook] o.s.s.concurrent.ThreadPoolTaskExecutor  : Shutting down ExecutorService 'applicationTaskExecutor'
